2019-06-26 22:59:46,612 [Worker-3] INFO  o.e.m.c.i.l.LifecycleMappingFactory - Using org.eclipse.m2e.jdt.JarLifecycleMapping lifecycle mapping for MavenProject: com.hellofresh.challenge:web-test:1.0-SNAPSHOT @ D:\Nidhin_workspace\1Tajawal\pom.xml.
2019-06-26 22:59:55,394 [Worker-3] INFO  o.e.m.j.i.AbstractJavaProjectConfigurator - Adding source folder /web-test/src/main/java
2019-06-26 22:59:55,395 [Worker-3] INFO  o.e.m.j.i.AbstractJavaProjectConfigurator - Adding resource folder /web-test/src/main/resources
2019-06-26 22:59:55,441 [Worker-3] INFO  o.e.m.j.i.AbstractJavaProjectConfigurator - Adding source folder /web-test/src/test/java
2019-06-26 22:59:56,286 [Worker-3] INFO  o.e.m.c.i.p.ProjectConfigurationManager - Imported and configured 1 project(s) in 33 sec
2019-06-26 23:00:04,146 [Worker-9] INFO  o.e.m.c.i.embedder.EclipseLogger - Using 'UTF-8' encoding to copy filtered resources.
2019-06-26 23:00:04,156 [Worker-9] INFO  o.e.m.c.i.embedder.EclipseLogger - Copying 4 resources
2019-06-26 23:00:08,372 [Worker-9] INFO  o.e.m.c.i.embedder.EclipseLogger - Using 'UTF-8' encoding to copy filtered resources.
2019-06-26 23:00:08,372 [Worker-9] INFO  o.e.m.c.i.embedder.EclipseLogger - skip non existing resourceDirectory D:\Nidhin_workspace\1Tajawal\src\test\resources
2019-06-26 23:00:51,000 [Worker-6] INFO  o.e.m.c.i.p.ProjectConfigurationManager - Collecting project info '/pom.xml' D:\Tajawal\Tajawal\pom.xml
2019-06-26 23:00:51,537 [Worker-6] INFO  o.e.m.c.i.l.LifecycleMappingFactory - Using org.eclipse.m2e.jdt.JarLifecycleMapping lifecycle mapping for MavenProject: a:Tajawal:0.0.1-SNAPSHOT @ D:\Tajawal\Tajawal\pom.xml.
2019-06-26 23:00:52,336 [Worker-6] INFO  o.e.m.j.i.AbstractJavaProjectConfigurator - Adding source folder /Tajawal/src/main/java
2019-06-26 23:00:52,353 [Worker-6] INFO  o.e.m.j.i.AbstractJavaProjectConfigurator - Adding source folder /Tajawal/src/test/java
2019-06-26 23:00:52,499 [Worker-6] INFO  o.e.m.c.i.p.ProjectConfigurationManager - Imported and configured 1 project(s) in 1 sec
2019-06-26 23:00:53,298 [Worker-18] INFO  o.e.m.c.i.embedder.EclipseLogger - Using 'UTF-8' encoding to copy filtered resources.
2019-06-26 23:00:53,298 [Worker-18] INFO  o.e.m.c.i.embedder.EclipseLogger - skip non existing resourceDirectory D:\Tajawal\Tajawal\src\main\resources
2019-06-26 23:00:53,300 [Worker-18] INFO  o.e.m.c.i.embedder.EclipseLogger - Using 'UTF-8' encoding to copy filtered resources.
2019-06-26 23:00:53,301 [Worker-18] INFO  o.e.m.c.i.embedder.EclipseLogger - skip non existing resourceDirectory D:\Tajawal\Tajawal\src\test\resources
2019-06-26 23:01:11,691 [Worker-10] INFO  o.e.m.c.i.l.LifecycleMappingFactory - Using org.eclipse.m2e.jdt.JarLifecycleMapping lifecycle mapping for MavenProject: com.hellofresh.challenge:web-test:1.0-SNAPSHOT @ D:\Tajawal\Tajawal\pom.xml.
2019-06-26 23:01:14,759 [Worker-10] INFO  o.e.m.c.i.embedder.EclipseLogger - Using 'UTF-8' encoding to copy filtered resources.
2019-06-26 23:01:14,759 [Worker-10] INFO  o.e.m.c.i.embedder.EclipseLogger - skip non existing resourceDirectory D:\Tajawal\Tajawal\src\main\resources
2019-06-26 23:01:14,761 [Worker-10] INFO  o.e.m.c.i.embedder.EclipseLogger - Using 'UTF-8' encoding to copy filtered resources.
2019-06-26 23:01:14,761 [Worker-10] INFO  o.e.m.c.i.embedder.EclipseLogger - skip non existing resourceDirectory D:\Tajawal\Tajawal\src\test\resources
2019-06-26 23:01:17,372 [Worker-18] INFO  o.e.m.c.i.embedder.EclipseLogger - Using 'UTF-8' encoding to copy filtered resources.
2019-06-26 23:01:17,373 [Worker-18] INFO  o.e.m.c.i.embedder.EclipseLogger - skip non existing resourceDirectory D:\Tajawal\Tajawal\src\main\resources
2019-06-26 23:01:17,375 [Worker-18] INFO  o.e.m.c.i.embedder.EclipseLogger - Using 'UTF-8' encoding to copy filtered resources.
2019-06-26 23:01:17,375 [Worker-18] INFO  o.e.m.c.i.embedder.EclipseLogger - skip non existing resourceDirectory D:\Tajawal\Tajawal\src\test\resources
2019-06-26 23:01:37,192 [Worker-10] INFO  o.e.m.c.i.embedder.EclipseLogger - Using 'UTF-8' encoding to copy filtered resources.
2019-06-26 23:01:37,192 [Worker-10] INFO  o.e.m.c.i.embedder.EclipseLogger - skip non existing resourceDirectory D:\Tajawal\Tajawal\src\main\resources
2019-06-26 23:01:37,194 [Worker-10] INFO  o.e.m.c.i.embedder.EclipseLogger - Using 'UTF-8' encoding to copy filtered resources.
2019-06-26 23:01:37,194 [Worker-10] INFO  o.e.m.c.i.embedder.EclipseLogger - skip non existing resourceDirectory D:\Tajawal\Tajawal\src\test\resources
2019-06-26 23:01:50,719 [Worker-17] INFO  o.e.m.c.i.embedder.EclipseLogger - Using 'UTF-8' encoding to copy filtered resources.
2019-06-26 23:01:50,721 [Worker-17] INFO  o.e.m.c.i.embedder.EclipseLogger - skip non existing resourceDirectory D:\Tajawal\Tajawal\src\main\resources
2019-06-26 23:01:50,731 [Worker-17] INFO  o.e.m.c.i.embedder.EclipseLogger - Using 'UTF-8' encoding to copy filtered resources.
2019-06-26 23:01:50,732 [Worker-17] INFO  o.e.m.c.i.embedder.EclipseLogger - skip non existing resourceDirectory D:\Tajawal\Tajawal\src\test\resources
2019-06-26 23:02:11,423 [Worker-18] INFO  o.e.m.c.i.embedder.EclipseLogger - Using 'UTF-8' encoding to copy filtered resources.
2019-06-26 23:02:11,455 [Worker-18] INFO  o.e.m.c.i.embedder.EclipseLogger - Copying 0 resource
2019-06-26 23:02:11,463 [Worker-18] INFO  o.e.m.c.i.embedder.EclipseLogger - Using 'UTF-8' encoding to copy filtered resources.
2019-06-26 23:02:11,466 [Worker-18] INFO  o.e.m.c.i.embedder.EclipseLogger - skip non existing resourceDirectory D:\Tajawal\Tajawal\src\test\resources
2019-06-26 23:02:31,341 [Worker-15] INFO  o.e.m.c.i.embedder.EclipseLogger - Using 'UTF-8' encoding to copy filtered resources.
2019-06-26 23:02:31,370 [Worker-15] INFO  o.e.m.c.i.embedder.EclipseLogger - Copying 4 resources
2019-06-26 23:02:31,375 [Worker-15] INFO  o.e.m.c.i.embedder.EclipseLogger - Using 'UTF-8' encoding to copy filtered resources.
2019-06-26 23:02:31,375 [Worker-15] INFO  o.e.m.c.i.embedder.EclipseLogger - skip non existing resourceDirectory D:\Tajawal\Tajawal\src\test\resources
2019-06-26 23:02:57,295 [Worker-9] INFO  o.e.m.c.i.embedder.EclipseLogger - Using 'UTF-8' encoding to copy filtered resources.
2019-06-26 23:02:57,297 [Worker-9] INFO  o.e.m.c.i.embedder.EclipseLogger - Copying 4 resources
2019-06-26 23:02:57,302 [Worker-9] INFO  o.e.m.c.i.embedder.EclipseLogger - Using 'UTF-8' encoding to copy filtered resources.
2019-06-26 23:02:57,302 [Worker-9] INFO  o.e.m.c.i.embedder.EclipseLogger - skip non existing resourceDirectory D:\Tajawal\Tajawal\src\test\resources
2019-06-26 23:35:39,574 [Worker-0] INFO  o.e.m.c.i.l.LifecycleMappingFactory - Using org.eclipse.m2e.jdt.JarLifecycleMapping lifecycle mapping for MavenProject: com.hellofresh.challenge:web-test:1.0-SNAPSHOT @ D:\NidhinLearning\Tajawal\pom.xml.
2019-06-26 23:35:54,945 [Worker-0] INFO  o.e.m.c.i.embedder.EclipseLogger - Using 'UTF-8' encoding to copy filtered resources.
2019-06-26 23:35:54,951 [Worker-0] INFO  o.e.m.c.i.embedder.EclipseLogger - Copying 4 resources
2019-06-26 23:35:54,960 [Worker-0] INFO  o.e.m.c.i.embedder.EclipseLogger - Using 'UTF-8' encoding to copy filtered resources.
2019-06-26 23:35:54,961 [Worker-0] INFO  o.e.m.c.i.embedder.EclipseLogger - skip non existing resourceDirectory D:\NidhinLearning\Tajawal\src\test\resources
2019-06-26 23:35:59,841 [Worker-0] INFO  o.e.m.c.i.l.LifecycleMappingFactory - Using org.eclipse.m2e.jdt.JarLifecycleMapping lifecycle mapping for MavenProject: com.hellofresh.challenge:web-test:1.0-SNAPSHOT @ D:\Nidhin_workspace\1Tajawal\pom.xml.
2019-06-26 23:36:01,973 [Worker-0] INFO  o.e.m.c.i.embedder.EclipseLogger - Using 'UTF-8' encoding to copy filtered resources.
2019-06-26 23:36:01,974 [Worker-0] INFO  o.e.m.c.i.embedder.EclipseLogger - Copying 4 resources
2019-06-26 23:36:04,107 [Worker-0] INFO  o.e.m.c.i.embedder.EclipseLogger - Using 'UTF-8' encoding to copy filtered resources.
2019-06-26 23:36:04,107 [Worker-0] INFO  o.e.m.c.i.embedder.EclipseLogger - skip non existing resourceDirectory D:\Nidhin_workspace\1Tajawal\src\test\resources
2019-06-26 23:36:22,180 [Worker-4] INFO  o.e.m.c.i.l.LifecycleMappingFactory - Using org.eclipse.m2e.jdt.JarLifecycleMapping lifecycle mapping for MavenProject: com.hellofresh.challenge:web-test:1.0-SNAPSHOT @ D:\NidhinLearning\Tajawal\pom.xml.
2019-06-26 23:36:26,719 [Worker-4] INFO  o.e.m.c.i.l.LifecycleMappingFactory - Using org.eclipse.m2e.jdt.JarLifecycleMapping lifecycle mapping for MavenProject: com.hellofresh.challenge:web-test:1.0-SNAPSHOT @ D:\Nidhin_workspace\1Tajawal\pom.xml.
2019-06-26 23:36:31,106 [Worker-4] INFO  o.e.m.c.i.embedder.EclipseLogger - Using 'UTF-8' encoding to copy filtered resources.
2019-06-26 23:36:31,109 [Worker-4] INFO  o.e.m.c.i.embedder.EclipseLogger - Copying 0 resource
2019-06-26 23:36:31,113 [Worker-4] INFO  o.e.m.c.i.embedder.EclipseLogger - Using 'UTF-8' encoding to copy filtered resources.
2019-06-26 23:36:31,341 [Worker-4] INFO  o.e.m.c.i.embedder.EclipseLogger - skip non existing resourceDirectory D:\NidhinLearning\Tajawal\src\test\resources
2019-06-26 23:36:33,289 [Worker-4] INFO  o.e.m.c.i.embedder.EclipseLogger - Using 'UTF-8' encoding to copy filtered resources.
2019-06-26 23:36:33,290 [Worker-4] INFO  o.e.m.c.i.embedder.EclipseLogger - Copying 0 resource
2019-06-26 23:36:33,292 [Worker-4] INFO  o.e.m.c.i.embedder.EclipseLogger - Using 'UTF-8' encoding to copy filtered resources.
2019-06-26 23:36:33,292 [Worker-4] INFO  o.e.m.c.i.embedder.EclipseLogger - skip non existing resourceDirectory D:\Nidhin_workspace\1Tajawal\src\test\resources
2019-06-26 23:43:00,633 [Worker-14] INFO  o.e.m.c.i.embedder.EclipseLogger - Using 'UTF-8' encoding to copy filtered resources.
2019-06-26 23:43:00,646 [Worker-14] INFO  o.e.m.c.i.embedder.EclipseLogger - Copying 4 resources
2019-06-26 23:43:00,658 [Worker-14] INFO  o.e.m.c.i.embedder.EclipseLogger - Using 'UTF-8' encoding to copy filtered resources.
2019-06-26 23:43:00,658 [Worker-14] INFO  o.e.m.c.i.embedder.EclipseLogger - skip non existing resourceDirectory D:\NidhinLearning\Tajawal\src\test\resources
2019-06-26 23:43:04,100 [Worker-14] INFO  o.e.m.c.i.embedder.EclipseLogger - Using 'UTF-8' encoding to copy filtered resources.
2019-06-26 23:43:04,101 [Worker-14] INFO  o.e.m.c.i.embedder.EclipseLogger - Copying 4 resources
2019-06-26 23:43:04,105 [Worker-14] INFO  o.e.m.c.i.embedder.EclipseLogger - Using 'UTF-8' encoding to copy filtered resources.
2019-06-26 23:43:04,105 [Worker-14] INFO  o.e.m.c.i.embedder.EclipseLogger - skip non existing resourceDirectory D:\Nidhin_workspace\1Tajawal\src\test\resources
2019-06-26 23:44:42,957 [Worker-6] INFO  o.e.m.c.i.embedder.EclipseLogger - Using 'UTF-8' encoding to copy filtered resources.
2019-06-26 23:44:42,965 [Worker-6] INFO  o.e.m.c.i.embedder.EclipseLogger - Copying 4 resources
2019-06-26 23:44:42,968 [Worker-6] INFO  o.e.m.c.i.embedder.EclipseLogger - Using 'UTF-8' encoding to copy filtered resources.
2019-06-26 23:44:42,969 [Worker-6] INFO  o.e.m.c.i.embedder.EclipseLogger - skip non existing resourceDirectory D:\NidhinLearning\Tajawal\src\test\resources
2019-06-27 00:00:23,078 [Worker-24] INFO  o.e.m.c.i.embedder.EclipseLogger - Using 'UTF-8' encoding to copy filtered resources.
2019-06-27 00:00:23,081 [Worker-24] INFO  o.e.m.c.i.embedder.EclipseLogger - Copying 4 resources
2019-06-27 00:00:23,089 [Worker-24] INFO  o.e.m.c.i.embedder.EclipseLogger - Using 'UTF-8' encoding to copy filtered resources.
2019-06-27 00:00:23,090 [Worker-24] INFO  o.e.m.c.i.embedder.EclipseLogger - skip non existing resourceDirectory D:\Nidhin_workspace\1Tajawal\src\test\resources
2019-06-27 00:00:24,294 [Worker-22] INFO  o.e.m.c.i.embedder.EclipseLogger - Using 'UTF-8' encoding to copy filtered resources.
2019-06-27 00:00:24,295 [Worker-22] INFO  o.e.m.c.i.embedder.EclipseLogger - Copying 0 resource
2019-06-27 00:00:24,296 [Worker-22] INFO  o.e.m.c.i.embedder.EclipseLogger - Using 'UTF-8' encoding to copy filtered resources.
2019-06-27 00:00:24,297 [Worker-22] INFO  o.e.m.c.i.embedder.EclipseLogger - skip non existing resourceDirectory D:\Nidhin_workspace\1Tajawal\src\test\resources
2019-06-27 00:05:53,415 [Worker-22] INFO  o.e.m.c.i.embedder.EclipseLogger - Using 'UTF-8' encoding to copy filtered resources.
2019-06-27 00:05:53,526 [Worker-22] INFO  o.e.m.c.i.embedder.EclipseLogger - Copying 4 resources
2019-06-27 00:05:53,539 [Worker-22] INFO  o.e.m.c.i.embedder.EclipseLogger - Using 'UTF-8' encoding to copy filtered resources.
2019-06-27 00:05:53,540 [Worker-22] INFO  o.e.m.c.i.embedder.EclipseLogger - skip non existing resourceDirectory D:\Nidhin_workspace\1Tajawal\src\test\resources
2019-06-27 00:05:56,246 [Worker-19] INFO  o.e.m.c.i.embedder.EclipseLogger - Using 'UTF-8' encoding to copy filtered resources.
2019-06-27 00:05:56,373 [Worker-19] INFO  o.e.m.c.i.embedder.EclipseLogger - Copying 0 resource
2019-06-27 00:05:56,375 [Worker-19] INFO  o.e.m.c.i.embedder.EclipseLogger - Using 'UTF-8' encoding to copy filtered resources.
2019-06-27 00:05:56,376 [Worker-19] INFO  o.e.m.c.i.embedder.EclipseLogger - skip non existing resourceDirectory D:\Nidhin_workspace\1Tajawal\src\test\resources
2019-06-27 00:22:07,450 [Worker-26] INFO  o.e.m.c.i.embedder.EclipseLogger - Using 'UTF-8' encoding to copy filtered resources.
2019-06-27 00:22:07,505 [Worker-26] INFO  o.e.m.c.i.embedder.EclipseLogger - Copying 4 resources
2019-06-27 00:22:07,583 [Worker-26] INFO  o.e.m.c.i.embedder.EclipseLogger - Using 'UTF-8' encoding to copy filtered resources.
2019-06-27 00:22:07,584 [Worker-26] INFO  o.e.m.c.i.embedder.EclipseLogger - skip non existing resourceDirectory D:\NidhinLearning\Tajawal\src\test\resources
2019-06-27 00:34:29,505 [Worker-31] INFO  o.e.m.c.i.embedder.EclipseLogger - Using 'UTF-8' encoding to copy filtered resources.
2019-06-27 00:34:29,507 [Worker-31] INFO  o.e.m.c.i.embedder.EclipseLogger - Copying 4 resources
2019-06-27 00:34:29,563 [Worker-31] INFO  o.e.m.c.i.embedder.EclipseLogger - Using 'UTF-8' encoding to copy filtered resources.
2019-06-27 00:34:29,563 [Worker-31] INFO  o.e.m.c.i.embedder.EclipseLogger - skip non existing resourceDirectory D:\Nidhin_workspace\1Tajawal\src\test\resources
2019-06-27 00:34:37,257 [Worker-29] INFO  o.e.m.c.i.embedder.EclipseLogger - Using 'UTF-8' encoding to copy filtered resources.
2019-06-27 00:34:37,257 [Worker-29] INFO  o.e.m.c.i.embedder.EclipseLogger - Copying 0 resource
2019-06-27 00:34:37,259 [Worker-29] INFO  o.e.m.c.i.embedder.EclipseLogger - Using 'UTF-8' encoding to copy filtered resources.
2019-06-27 00:34:37,259 [Worker-29] INFO  o.e.m.c.i.embedder.EclipseLogger - skip non existing resourceDirectory D:\NidhinLearning\Tajawal\src\test\resources
2019-06-27 00:34:37,271 [Worker-29] INFO  o.e.m.c.i.embedder.EclipseLogger - Using 'UTF-8' encoding to copy filtered resources.
2019-06-27 00:34:37,277 [Worker-29] INFO  o.e.m.c.i.embedder.EclipseLogger - Copying 0 resource
2019-06-27 00:34:37,284 [Worker-29] INFO  o.e.m.c.i.embedder.EclipseLogger - Using 'UTF-8' encoding to copy filtered resources.
2019-06-27 00:34:37,284 [Worker-29] INFO  o.e.m.c.i.embedder.EclipseLogger - skip non existing resourceDirectory D:\Nidhin_workspace\1Tajawal\src\test\resources
2019-06-27 00:38:07,354 [Worker-19] INFO  o.e.m.c.i.embedder.EclipseLogger - Using 'UTF-8' encoding to copy filtered resources.
2019-06-27 00:38:07,355 [Worker-19] INFO  o.e.m.c.i.embedder.EclipseLogger - Copying 4 resources
2019-06-27 00:38:07,359 [Worker-19] INFO  o.e.m.c.i.embedder.EclipseLogger - Using 'UTF-8' encoding to copy filtered resources.
2019-06-27 00:38:07,359 [Worker-19] INFO  o.e.m.c.i.embedder.EclipseLogger - skip non existing resourceDirectory D:\Nidhin_workspace\1Tajawal\src\test\resources
2019-06-27 00:38:44,674 [Worker-20] INFO  o.e.m.c.i.embedder.EclipseLogger - Using 'UTF-8' encoding to copy filtered resources.
2019-06-27 00:38:44,675 [Worker-20] INFO  o.e.m.c.i.embedder.EclipseLogger - Copying 4 resources
2019-06-27 00:38:44,677 [Worker-20] INFO  o.e.m.c.i.embedder.EclipseLogger - Using 'UTF-8' encoding to copy filtered resources.
2019-06-27 00:38:44,678 [Worker-20] INFO  o.e.m.c.i.embedder.EclipseLogger - skip non existing resourceDirectory D:\NidhinLearning\Tajawal\src\test\resources
2019-06-27 00:47:01,674 [Worker-26] INFO  o.e.m.c.i.embedder.EclipseLogger - Using 'UTF-8' encoding to copy filtered resources.
2019-06-27 00:47:01,676 [Worker-26] INFO  o.e.m.c.i.embedder.EclipseLogger - Copying 4 resources
2019-06-27 00:47:01,678 [Worker-26] INFO  o.e.m.c.i.embedder.EclipseLogger - Using 'UTF-8' encoding to copy filtered resources.
2019-06-27 00:47:01,678 [Worker-26] INFO  o.e.m.c.i.embedder.EclipseLogger - skip non existing resourceDirectory D:\Nidhin_workspace\1Tajawal\src\test\resources
2019-06-27 00:50:24,705 [Worker-35] INFO  o.e.m.c.i.embedder.EclipseLogger - Using 'UTF-8' encoding to copy filtered resources.
2019-06-27 00:50:24,739 [Worker-35] INFO  o.e.m.c.i.embedder.EclipseLogger - Copying 4 resources
2019-06-27 00:50:24,741 [Worker-35] INFO  o.e.m.c.i.embedder.EclipseLogger - Using 'UTF-8' encoding to copy filtered resources.
2019-06-27 00:50:24,742 [Worker-35] INFO  o.e.m.c.i.embedder.EclipseLogger - skip non existing resourceDirectory D:\Nidhin_workspace\1Tajawal\src\test\resources
2019-06-27 00:57:18,742 [Worker-32] INFO  o.e.m.c.i.embedder.EclipseLogger - Using 'UTF-8' encoding to copy filtered resources.
2019-06-27 00:57:18,743 [Worker-32] INFO  o.e.m.c.i.embedder.EclipseLogger - Copying 4 resources
2019-06-27 00:57:18,828 [Worker-32] INFO  o.e.m.c.i.embedder.EclipseLogger - Using 'UTF-8' encoding to copy filtered resources.
2019-06-27 00:57:18,829 [Worker-32] INFO  o.e.m.c.i.embedder.EclipseLogger - skip non existing resourceDirectory D:\Nidhin_workspace\1Tajawal\src\test\resources
2019-06-27 00:57:21,222 [Worker-32] INFO  o.e.m.c.i.embedder.EclipseLogger - Using 'UTF-8' encoding to copy filtered resources.
2019-06-27 00:57:21,223 [Worker-32] INFO  o.e.m.c.i.embedder.EclipseLogger - Copying 0 resource
2019-06-27 00:57:21,237 [Worker-32] INFO  o.e.m.c.i.embedder.EclipseLogger - Using 'UTF-8' encoding to copy filtered resources.
2019-06-27 00:57:21,237 [Worker-32] INFO  o.e.m.c.i.embedder.EclipseLogger - skip non existing resourceDirectory D:\Nidhin_workspace\1Tajawal\src\test\resources
2019-06-27 00:57:33,803 [Worker-33] INFO  o.e.m.c.i.embedder.EclipseLogger - Using 'UTF-8' encoding to copy filtered resources.
2019-06-27 00:57:33,804 [Worker-33] INFO  o.e.m.c.i.embedder.EclipseLogger - Copying 4 resources
2019-06-27 00:57:33,808 [Worker-33] INFO  o.e.m.c.i.embedder.EclipseLogger - Using 'UTF-8' encoding to copy filtered resources.
2019-06-27 00:57:33,809 [Worker-33] INFO  o.e.m.c.i.embedder.EclipseLogger - skip non existing resourceDirectory D:\Nidhin_workspace\1Tajawal\src\test\resources
2019-06-27 01:03:20,241 [Worker-34] INFO  o.e.m.c.i.embedder.EclipseLogger - Using 'UTF-8' encoding to copy filtered resources.
2019-06-27 01:03:20,242 [Worker-34] INFO  o.e.m.c.i.embedder.EclipseLogger - Copying 4 resources
2019-06-27 01:03:20,246 [Worker-34] INFO  o.e.m.c.i.embedder.EclipseLogger - Using 'UTF-8' encoding to copy filtered resources.
2019-06-27 01:03:20,246 [Worker-34] INFO  o.e.m.c.i.embedder.EclipseLogger - skip non existing resourceDirectory D:\Nidhin_workspace\1Tajawal\src\test\resources
2019-06-27 01:04:05,034 [Worker-26] INFO  o.e.m.c.i.embedder.EclipseLogger - Using 'UTF-8' encoding to copy filtered resources.
2019-06-27 01:04:05,035 [Worker-26] INFO  o.e.m.c.i.embedder.EclipseLogger - Copying 4 resources
2019-06-27 01:04:05,038 [Worker-26] INFO  o.e.m.c.i.embedder.EclipseLogger - Using 'UTF-8' encoding to copy filtered resources.
2019-06-27 01:04:05,038 [Worker-26] INFO  o.e.m.c.i.embedder.EclipseLogger - skip non existing resourceDirectory D:\Nidhin_workspace\1Tajawal\src\test\resources
2019-06-27 01:04:17,433 [Worker-33] INFO  o.e.m.c.i.embedder.EclipseLogger - Using 'UTF-8' encoding to copy filtered resources.
2019-06-27 01:04:17,434 [Worker-33] INFO  o.e.m.c.i.embedder.EclipseLogger - Copying 4 resources
2019-06-27 01:04:17,436 [Worker-33] INFO  o.e.m.c.i.embedder.EclipseLogger - Using 'UTF-8' encoding to copy filtered resources.
2019-06-27 01:04:17,437 [Worker-33] INFO  o.e.m.c.i.embedder.EclipseLogger - skip non existing resourceDirectory D:\Nidhin_workspace\1Tajawal\src\test\resources
2019-06-27 01:04:54,702 [Worker-32] INFO  o.e.m.c.i.embedder.EclipseLogger - Using 'UTF-8' encoding to copy filtered resources.
2019-06-27 01:04:54,703 [Worker-32] INFO  o.e.m.c.i.embedder.EclipseLogger - Copying 4 resources
2019-06-27 01:04:54,705 [Worker-32] INFO  o.e.m.c.i.embedder.EclipseLogger - Using 'UTF-8' encoding to copy filtered resources.
2019-06-27 01:04:54,705 [Worker-32] INFO  o.e.m.c.i.embedder.EclipseLogger - skip non existing resourceDirectory D:\Nidhin_workspace\1Tajawal\src\test\resources
2019-06-27 01:05:28,161 [Worker-35] INFO  o.e.m.c.i.embedder.EclipseLogger - Using 'UTF-8' encoding to copy filtered resources.
2019-06-27 01:05:28,162 [Worker-35] INFO  o.e.m.c.i.embedder.EclipseLogger - Copying 4 resources
2019-06-27 01:05:28,165 [Worker-35] INFO  o.e.m.c.i.embedder.EclipseLogger - Using 'UTF-8' encoding to copy filtered resources.
2019-06-27 01:05:28,165 [Worker-35] INFO  o.e.m.c.i.embedder.EclipseLogger - skip non existing resourceDirectory D:\Nidhin_workspace\1Tajawal\src\test\resources
2019-06-27 01:08:40,805 [Worker-26] INFO  o.e.m.c.i.embedder.EclipseLogger - Using 'UTF-8' encoding to copy filtered resources.
2019-06-27 01:08:40,806 [Worker-26] INFO  o.e.m.c.i.embedder.EclipseLogger - Copying 4 resources
2019-06-27 01:08:40,809 [Worker-26] INFO  o.e.m.c.i.embedder.EclipseLogger - Using 'UTF-8' encoding to copy filtered resources.
2019-06-27 01:08:40,809 [Worker-26] INFO  o.e.m.c.i.embedder.EclipseLogger - skip non existing resourceDirectory D:\Nidhin_workspace\1Tajawal\src\test\resources
2019-06-27 01:09:25,626 [Worker-33] INFO  o.e.m.c.i.embedder.EclipseLogger - Using 'UTF-8' encoding to copy filtered resources.
2019-06-27 01:09:25,627 [Worker-33] INFO  o.e.m.c.i.embedder.EclipseLogger - Copying 4 resources
2019-06-27 01:09:25,629 [Worker-33] INFO  o.e.m.c.i.embedder.EclipseLogger - Using 'UTF-8' encoding to copy filtered resources.
2019-06-27 01:09:25,629 [Worker-33] INFO  o.e.m.c.i.embedder.EclipseLogger - skip non existing resourceDirectory D:\Nidhin_workspace\1Tajawal\src\test\resources
2019-06-27 01:09:50,804 [Worker-37] INFO  o.e.m.c.i.embedder.EclipseLogger - Using 'UTF-8' encoding to copy filtered resources.
2019-06-27 01:09:50,805 [Worker-37] INFO  o.e.m.c.i.embedder.EclipseLogger - Copying 4 resources
2019-06-27 01:09:50,807 [Worker-37] INFO  o.e.m.c.i.embedder.EclipseLogger - Using 'UTF-8' encoding to copy filtered resources.
2019-06-27 01:09:50,808 [Worker-37] INFO  o.e.m.c.i.embedder.EclipseLogger - skip non existing resourceDirectory D:\Nidhin_workspace\1Tajawal\src\test\resources
2019-06-27 01:15:29,270 [Worker-34] INFO  o.e.m.c.i.embedder.EclipseLogger - Using 'UTF-8' encoding to copy filtered resources.
2019-06-27 01:15:29,271 [Worker-34] INFO  o.e.m.c.i.embedder.EclipseLogger - Copying 4 resources
2019-06-27 01:15:29,273 [Worker-34] INFO  o.e.m.c.i.embedder.EclipseLogger - Using 'UTF-8' encoding to copy filtered resources.
2019-06-27 01:15:29,273 [Worker-34] INFO  o.e.m.c.i.embedder.EclipseLogger - skip non existing resourceDirectory D:\Nidhin_workspace\1Tajawal\src\test\resources
2019-06-27 01:15:30,605 [Worker-35] INFO  o.e.m.c.i.embedder.EclipseLogger - Using 'UTF-8' encoding to copy filtered resources.
2019-06-27 01:15:30,605 [Worker-35] INFO  o.e.m.c.i.embedder.EclipseLogger - Copying 0 resource
2019-06-27 01:15:30,607 [Worker-35] INFO  o.e.m.c.i.embedder.EclipseLogger - Using 'UTF-8' encoding to copy filtered resources.
2019-06-27 01:15:30,608 [Worker-35] INFO  o.e.m.c.i.embedder.EclipseLogger - skip non existing resourceDirectory D:\Nidhin_workspace\1Tajawal\src\test\resources
2019-06-27 01:18:10,775 [Worker-35] INFO  o.e.m.c.i.embedder.EclipseLogger - Using 'UTF-8' encoding to copy filtered resources.
2019-06-27 01:18:10,776 [Worker-35] INFO  o.e.m.c.i.embedder.EclipseLogger - Copying 4 resources
2019-06-27 01:18:10,779 [Worker-35] INFO  o.e.m.c.i.embedder.EclipseLogger - Using 'UTF-8' encoding to copy filtered resources.
2019-06-27 01:18:10,779 [Worker-35] INFO  o.e.m.c.i.embedder.EclipseLogger - skip non existing resourceDirectory D:\Nidhin_workspace\1Tajawal\src\test\resources
2019-06-27 01:18:11,802 [Worker-35] INFO  o.e.m.c.i.embedder.EclipseLogger - Using 'UTF-8' encoding to copy filtered resources.
2019-06-27 01:18:11,802 [Worker-35] INFO  o.e.m.c.i.embedder.EclipseLogger - Copying 0 resource
2019-06-27 01:18:11,804 [Worker-35] INFO  o.e.m.c.i.embedder.EclipseLogger - Using 'UTF-8' encoding to copy filtered resources.
2019-06-27 01:18:11,804 [Worker-35] INFO  o.e.m.c.i.embedder.EclipseLogger - skip non existing resourceDirectory D:\Nidhin_workspace\1Tajawal\src\test\resources
2019-06-27 01:23:40,698 [Worker-19] INFO  o.e.m.c.i.embedder.EclipseLogger - Using 'UTF-8' encoding to copy filtered resources.
2019-06-27 01:23:40,699 [Worker-19] INFO  o.e.m.c.i.embedder.EclipseLogger - Copying 4 resources
2019-06-27 01:23:40,701 [Worker-19] INFO  o.e.m.c.i.embedder.EclipseLogger - Using 'UTF-8' encoding to copy filtered resources.
2019-06-27 01:23:40,702 [Worker-19] INFO  o.e.m.c.i.embedder.EclipseLogger - skip non existing resourceDirectory D:\Nidhin_workspace\1Tajawal\src\test\resources
2019-06-27 01:23:42,585 [Worker-39] INFO  o.e.m.c.i.embedder.EclipseLogger - Using 'UTF-8' encoding to copy filtered resources.
2019-06-27 01:23:42,585 [Worker-39] INFO  o.e.m.c.i.embedder.EclipseLogger - Copying 0 resource
2019-06-27 01:23:42,593 [Worker-39] INFO  o.e.m.c.i.embedder.EclipseLogger - Using 'UTF-8' encoding to copy filtered resources.
2019-06-27 01:23:42,593 [Worker-39] INFO  o.e.m.c.i.embedder.EclipseLogger - skip non existing resourceDirectory D:\Nidhin_workspace\1Tajawal\src\test\resources
2019-06-27 01:23:54,098 [Worker-19] INFO  o.e.m.c.i.embedder.EclipseLogger - Using 'UTF-8' encoding to copy filtered resources.
2019-06-27 01:23:54,099 [Worker-19] INFO  o.e.m.c.i.embedder.EclipseLogger - Copying 4 resources
2019-06-27 01:23:54,101 [Worker-19] INFO  o.e.m.c.i.embedder.EclipseLogger - Using 'UTF-8' encoding to copy filtered resources.
2019-06-27 01:23:54,102 [Worker-19] INFO  o.e.m.c.i.embedder.EclipseLogger - skip non existing resourceDirectory D:\Nidhin_workspace\1Tajawal\src\test\resources
2019-06-27 01:26:09,537 [Worker-33] INFO  o.e.m.c.i.embedder.EclipseLogger - Using 'UTF-8' encoding to copy filtered resources.
2019-06-27 01:26:09,538 [Worker-33] INFO  o.e.m.c.i.embedder.EclipseLogger - Copying 4 resources
2019-06-27 01:26:09,541 [Worker-33] INFO  o.e.m.c.i.embedder.EclipseLogger - Using 'UTF-8' encoding to copy filtered resources.
2019-06-27 01:26:09,541 [Worker-33] INFO  o.e.m.c.i.embedder.EclipseLogger - skip non existing resourceDirectory D:\Nidhin_workspace\1Tajawal\src\test\resources
2019-06-27 01:45:59,206 [Worker-37] INFO  o.e.m.c.i.embedder.EclipseLogger - Using 'UTF-8' encoding to copy filtered resources.
2019-06-27 01:45:59,208 [Worker-37] INFO  o.e.m.c.i.embedder.EclipseLogger - Copying 4 resources
2019-06-27 01:45:59,211 [Worker-37] INFO  o.e.m.c.i.embedder.EclipseLogger - Using 'UTF-8' encoding to copy filtered resources.
2019-06-27 01:45:59,211 [Worker-37] INFO  o.e.m.c.i.embedder.EclipseLogger - skip non existing resourceDirectory D:\Nidhin_workspace\1Tajawal\src\test\resources
2019-06-27 01:46:00,463 [Worker-41] INFO  o.e.m.c.i.embedder.EclipseLogger - Using 'UTF-8' encoding to copy filtered resources.
2019-06-27 01:46:00,463 [Worker-41] INFO  o.e.m.c.i.embedder.EclipseLogger - Copying 0 resource
2019-06-27 01:46:00,464 [Worker-41] INFO  o.e.m.c.i.embedder.EclipseLogger - Using 'UTF-8' encoding to copy filtered resources.
2019-06-27 01:46:00,464 [Worker-41] INFO  o.e.m.c.i.embedder.EclipseLogger - skip non existing resourceDirectory D:\Nidhin_workspace\1Tajawal\src\test\resources
2019-06-27 01:47:43,450 [Worker-40] INFO  o.e.m.c.i.embedder.EclipseLogger - Using 'UTF-8' encoding to copy filtered resources.
2019-06-27 01:47:43,452 [Worker-40] INFO  o.e.m.c.i.embedder.EclipseLogger - Copying 4 resources
2019-06-27 01:47:43,455 [Worker-40] INFO  o.e.m.c.i.embedder.EclipseLogger - Using 'UTF-8' encoding to copy filtered resources.
2019-06-27 01:47:43,457 [Worker-40] INFO  o.e.m.c.i.embedder.EclipseLogger - skip non existing resourceDirectory D:\Nidhin_workspace\1Tajawal\src\test\resources
2019-06-27 01:47:44,781 [Worker-42] INFO  o.e.m.c.i.embedder.EclipseLogger - Using 'UTF-8' encoding to copy filtered resources.
2019-06-27 01:47:44,781 [Worker-42] INFO  o.e.m.c.i.embedder.EclipseLogger - Copying 0 resource
2019-06-27 01:47:44,783 [Worker-42] INFO  o.e.m.c.i.embedder.EclipseLogger - Using 'UTF-8' encoding to copy filtered resources.
2019-06-27 01:47:44,783 [Worker-42] INFO  o.e.m.c.i.embedder.EclipseLogger - skip non existing resourceDirectory D:\Nidhin_workspace\1Tajawal\src\test\resources
2019-06-27 01:58:44,911 [Worker-42] INFO  o.e.m.c.i.embedder.EclipseLogger - Using 'UTF-8' encoding to copy filtered resources.
2019-06-27 01:58:44,912 [Worker-42] INFO  o.e.m.c.i.embedder.EclipseLogger - Copying 4 resources
2019-06-27 01:58:44,914 [Worker-42] INFO  o.e.m.c.i.embedder.EclipseLogger - Using 'UTF-8' encoding to copy filtered resources.
2019-06-27 01:58:44,915 [Worker-42] INFO  o.e.m.c.i.embedder.EclipseLogger - skip non existing resourceDirectory D:\Nidhin_workspace\1Tajawal\src\test\resources
2019-06-27 01:58:46,289 [Worker-41] INFO  o.e.m.c.i.embedder.EclipseLogger - Using 'UTF-8' encoding to copy filtered resources.
2019-06-27 01:58:46,290 [Worker-41] INFO  o.e.m.c.i.embedder.EclipseLogger - Copying 0 resource
2019-06-27 01:58:46,373 [Worker-41] INFO  o.e.m.c.i.embedder.EclipseLogger - Using 'UTF-8' encoding to copy filtered resources.
2019-06-27 01:58:46,374 [Worker-41] INFO  o.e.m.c.i.embedder.EclipseLogger - skip non existing resourceDirectory D:\Nidhin_workspace\1Tajawal\src\test\resources
2019-06-27 02:06:07,914 [Worker-40] INFO  o.e.m.c.i.embedder.EclipseLogger - Using 'UTF-8' encoding to copy filtered resources.
2019-06-27 02:06:07,915 [Worker-40] INFO  o.e.m.c.i.embedder.EclipseLogger - Copying 4 resources
2019-06-27 02:06:07,917 [Worker-40] INFO  o.e.m.c.i.embedder.EclipseLogger - Using 'UTF-8' encoding to copy filtered resources.
2019-06-27 02:06:07,918 [Worker-40] INFO  o.e.m.c.i.embedder.EclipseLogger - skip non existing resourceDirectory D:\Nidhin_workspace\1Tajawal\src\test\resources
2019-06-27 02:06:09,243 [Worker-35] INFO  o.e.m.c.i.embedder.EclipseLogger - Using 'UTF-8' encoding to copy filtered resources.
2019-06-27 02:06:09,243 [Worker-35] INFO  o.e.m.c.i.embedder.EclipseLogger - Copying 0 resource
2019-06-27 02:06:09,284 [Worker-35] INFO  o.e.m.c.i.embedder.EclipseLogger - Using 'UTF-8' encoding to copy filtered resources.
2019-06-27 02:06:09,284 [Worker-35] INFO  o.e.m.c.i.embedder.EclipseLogger - skip non existing resourceDirectory D:\Nidhin_workspace\1Tajawal\src\test\resources
2019-06-27 02:09:14,792 [Worker-34] INFO  o.e.m.c.i.embedder.EclipseLogger - Using 'UTF-8' encoding to copy filtered resources.
2019-06-27 02:09:14,793 [Worker-34] INFO  o.e.m.c.i.embedder.EclipseLogger - Copying 4 resources
2019-06-27 02:09:14,796 [Worker-34] INFO  o.e.m.c.i.embedder.EclipseLogger - Using 'UTF-8' encoding to copy filtered resources.
2019-06-27 02:09:14,796 [Worker-34] INFO  o.e.m.c.i.embedder.EclipseLogger - skip non existing resourceDirectory D:\Nidhin_workspace\1Tajawal\src\test\resources
2019-06-27 02:09:15,877 [Worker-35] INFO  o.e.m.c.i.embedder.EclipseLogger - Using 'UTF-8' encoding to copy filtered resources.
2019-06-27 02:09:15,909 [Worker-35] INFO  o.e.m.c.i.embedder.EclipseLogger - Copying 0 resource
2019-06-27 02:09:15,911 [Worker-35] INFO  o.e.m.c.i.embedder.EclipseLogger - Using 'UTF-8' encoding to copy filtered resources.
2019-06-27 02:09:15,912 [Worker-35] INFO  o.e.m.c.i.embedder.EclipseLogger - skip non existing resourceDirectory D:\Nidhin_workspace\1Tajawal\src\test\resources
2019-06-27 02:09:50,959 [Worker-41] INFO  o.e.m.c.i.embedder.EclipseLogger - Using 'UTF-8' encoding to copy filtered resources.
2019-06-27 02:09:50,960 [Worker-41] INFO  o.e.m.c.i.embedder.EclipseLogger - Copying 4 resources
2019-06-27 02:09:50,964 [Worker-41] INFO  o.e.m.c.i.embedder.EclipseLogger - Using 'UTF-8' encoding to copy filtered resources.
2019-06-27 02:09:50,964 [Worker-41] INFO  o.e.m.c.i.embedder.EclipseLogger - skip non existing resourceDirectory D:\Nidhin_workspace\1Tajawal\src\test\resources
2019-06-27 02:27:41,528 [Worker-46] INFO  o.e.m.c.i.embedder.EclipseLogger - Using 'UTF-8' encoding to copy filtered resources.
2019-06-27 02:27:41,530 [Worker-46] INFO  o.e.m.c.i.embedder.EclipseLogger - Copying 4 resources
2019-06-27 02:27:41,535 [Worker-46] INFO  o.e.m.c.i.embedder.EclipseLogger - Using 'UTF-8' encoding to copy filtered resources.
2019-06-27 02:27:41,535 [Worker-46] INFO  o.e.m.c.i.embedder.EclipseLogger - skip non existing resourceDirectory D:\Nidhin_workspace\1Tajawal\src\test\resources
2019-06-27 02:27:42,805 [Worker-35] INFO  o.e.m.c.i.embedder.EclipseLogger - Using 'UTF-8' encoding to copy filtered resources.
2019-06-27 02:27:42,805 [Worker-35] INFO  o.e.m.c.i.embedder.EclipseLogger - Copying 0 resource
2019-06-27 02:27:42,807 [Worker-35] INFO  o.e.m.c.i.embedder.EclipseLogger - Using 'UTF-8' encoding to copy filtered resources.
2019-06-27 02:27:42,807 [Worker-35] INFO  o.e.m.c.i.embedder.EclipseLogger - skip non existing resourceDirectory D:\Nidhin_workspace\1Tajawal\src\test\resources
2019-06-27 02:30:54,869 [Worker-49] INFO  o.e.m.c.i.embedder.EclipseLogger - Using 'UTF-8' encoding to copy filtered resources.
2019-06-27 02:30:54,891 [Worker-49] INFO  o.e.m.c.i.embedder.EclipseLogger - Copying 4 resources
2019-06-27 02:30:54,944 [Worker-49] INFO  o.e.m.c.i.embedder.EclipseLogger - Using 'UTF-8' encoding to copy filtered resources.
2019-06-27 02:30:54,950 [Worker-49] INFO  o.e.m.c.i.embedder.EclipseLogger - skip non existing resourceDirectory D:\Nidhin_workspace\1Tajawal\src\test\resources
2019-06-27 02:30:57,168 [Worker-44] INFO  o.e.m.c.i.embedder.EclipseLogger - Using 'UTF-8' encoding to copy filtered resources.
2019-06-27 02:30:57,168 [Worker-44] INFO  o.e.m.c.i.embedder.EclipseLogger - Copying 0 resource
2019-06-27 02:30:57,169 [Worker-44] INFO  o.e.m.c.i.embedder.EclipseLogger - Using 'UTF-8' encoding to copy filtered resources.
2019-06-27 02:30:57,169 [Worker-44] INFO  o.e.m.c.i.embedder.EclipseLogger - skip non existing resourceDirectory D:\Nidhin_workspace\1Tajawal\src\test\resources
2019-06-27 02:35:27,327 [Worker-50] INFO  o.e.m.c.i.embedder.EclipseLogger - Using 'UTF-8' encoding to copy filtered resources.
2019-06-27 02:35:27,402 [Worker-50] INFO  o.e.m.c.i.embedder.EclipseLogger - Copying 4 resources
2019-06-27 02:35:27,410 [Worker-50] INFO  o.e.m.c.i.embedder.EclipseLogger - Using 'UTF-8' encoding to copy filtered resources.
2019-06-27 02:35:27,410 [Worker-50] INFO  o.e.m.c.i.embedder.EclipseLogger - skip non existing resourceDirectory D:\Nidhin_workspace\1Tajawal\src\test\resources
2019-06-27 02:35:39,090 [Worker-50] INFO  o.e.m.c.i.embedder.EclipseLogger - Using 'UTF-8' encoding to copy filtered resources.
2019-06-27 02:35:39,091 [Worker-50] INFO  o.e.m.c.i.embedder.EclipseLogger - Copying 0 resource
2019-06-27 02:35:39,091 [Worker-50] INFO  o.e.m.c.i.embedder.EclipseLogger - Using 'UTF-8' encoding to copy filtered resources.
2019-06-27 02:35:39,092 [Worker-50] INFO  o.e.m.c.i.embedder.EclipseLogger - skip non existing resourceDirectory D:\Nidhin_workspace\1Tajawal\src\test\resources
2019-06-27 02:37:28,496 [Worker-50] INFO  o.e.m.c.i.embedder.EclipseLogger - Using 'UTF-8' encoding to copy filtered resources.
2019-06-27 02:37:28,498 [Worker-50] INFO  o.e.m.c.i.embedder.EclipseLogger - Copying 4 resources
2019-06-27 02:37:28,500 [Worker-50] INFO  o.e.m.c.i.embedder.EclipseLogger - Using 'UTF-8' encoding to copy filtered resources.
2019-06-27 02:37:28,500 [Worker-50] INFO  o.e.m.c.i.embedder.EclipseLogger - skip non existing resourceDirectory D:\Nidhin_workspace\1Tajawal\src\test\resources
2019-06-27 02:37:29,777 [Worker-37] INFO  o.e.m.c.i.embedder.EclipseLogger - Using 'UTF-8' encoding to copy filtered resources.
2019-06-27 02:37:29,777 [Worker-37] INFO  o.e.m.c.i.embedder.EclipseLogger - Copying 0 resource
2019-06-27 02:37:29,861 [Worker-37] INFO  o.e.m.c.i.embedder.EclipseLogger - Using 'UTF-8' encoding to copy filtered resources.
2019-06-27 02:37:29,861 [Worker-37] INFO  o.e.m.c.i.embedder.EclipseLogger - skip non existing resourceDirectory D:\Nidhin_workspace\1Tajawal\src\test\resources
2019-06-27 02:41:46,239 [Worker-52] INFO  o.e.m.c.i.embedder.EclipseLogger - Using 'UTF-8' encoding to copy filtered resources.
2019-06-27 02:41:46,240 [Worker-52] INFO  o.e.m.c.i.embedder.EclipseLogger - Copying 4 resources
2019-06-27 02:41:46,242 [Worker-52] INFO  o.e.m.c.i.embedder.EclipseLogger - Using 'UTF-8' encoding to copy filtered resources.
2019-06-27 02:41:46,242 [Worker-52] INFO  o.e.m.c.i.embedder.EclipseLogger - skip non existing resourceDirectory D:\Nidhin_workspace\1Tajawal\src\test\resources
2019-06-27 03:00:24,794 [Worker-9] INFO  o.e.m.c.i.embedder.EclipseLogger - Using 'UTF-8' encoding to copy filtered resources.
2019-06-27 03:00:24,825 [Worker-9] INFO  o.e.m.c.i.embedder.EclipseLogger - Copying 4 resources
2019-06-27 03:00:24,834 [Worker-9] INFO  o.e.m.c.i.embedder.EclipseLogger - Using 'UTF-8' encoding to copy filtered resources.
2019-06-27 03:00:24,834 [Worker-9] INFO  o.e.m.c.i.embedder.EclipseLogger - skip non existing resourceDirectory D:\Nidhin_workspace\1Tajawal\src\test\resources
2019-06-27 03:01:52,010 [Worker-12] INFO  o.e.m.c.i.embedder.EclipseLogger - Using 'UTF-8' encoding to copy filtered resources.
2019-06-27 03:01:52,016 [Worker-12] INFO  o.e.m.c.i.embedder.EclipseLogger - Copying 4 resources
2019-06-27 03:01:52,019 [Worker-12] INFO  o.e.m.c.i.embedder.EclipseLogger - Using 'UTF-8' encoding to copy filtered resources.
2019-06-27 03:01:52,019 [Worker-12] INFO  o.e.m.c.i.embedder.EclipseLogger - skip non existing resourceDirectory D:\Nidhin_workspace\1Tajawal\src\test\resources
2019-06-27 03:04:30,715 [Worker-11] INFO  o.e.m.c.i.embedder.EclipseLogger - Using 'UTF-8' encoding to copy filtered resources.
2019-06-27 03:04:30,717 [Worker-11] INFO  o.e.m.c.i.embedder.EclipseLogger - Copying 4 resources
2019-06-27 03:04:30,720 [Worker-11] INFO  o.e.m.c.i.embedder.EclipseLogger - Using 'UTF-8' encoding to copy filtered resources.
2019-06-27 03:04:30,720 [Worker-11] INFO  o.e.m.c.i.embedder.EclipseLogger - skip non existing resourceDirectory D:\Nidhin_workspace\1Tajawal\src\test\resources
2019-06-27 03:04:36,175 [Worker-11] INFO  o.e.m.c.i.embedder.EclipseLogger - Using 'UTF-8' encoding to copy filtered resources.
2019-06-27 03:04:36,176 [Worker-11] INFO  o.e.m.c.i.embedder.EclipseLogger - Copying 4 resources
2019-06-27 03:04:36,179 [Worker-11] INFO  o.e.m.c.i.embedder.EclipseLogger - Using 'UTF-8' encoding to copy filtered resources.
2019-06-27 03:04:36,180 [Worker-11] INFO  o.e.m.c.i.embedder.EclipseLogger - skip non existing resourceDirectory D:\Nidhin_workspace\1Tajawal\src\test\resources
2019-06-27 03:04:55,807 [Worker-17] INFO  o.e.m.c.i.embedder.EclipseLogger - Using 'UTF-8' encoding to copy filtered resources.
2019-06-27 03:04:55,809 [Worker-17] INFO  o.e.m.c.i.embedder.EclipseLogger - Copying 4 resources
2019-06-27 03:04:55,812 [Worker-17] INFO  o.e.m.c.i.embedder.EclipseLogger - Using 'UTF-8' encoding to copy filtered resources.
2019-06-27 03:04:55,812 [Worker-17] INFO  o.e.m.c.i.embedder.EclipseLogger - skip non existing resourceDirectory D:\Nidhin_workspace\1Tajawal\src\test\resources
2019-06-27 03:07:05,723 [Worker-18] INFO  o.e.m.c.i.embedder.EclipseLogger - Using 'UTF-8' encoding to copy filtered resources.
2019-06-27 03:07:05,724 [Worker-18] INFO  o.e.m.c.i.embedder.EclipseLogger - Copying 4 resources
2019-06-27 03:07:05,728 [Worker-18] INFO  o.e.m.c.i.embedder.EclipseLogger - Using 'UTF-8' encoding to copy filtered resources.
2019-06-27 03:07:05,728 [Worker-18] INFO  o.e.m.c.i.embedder.EclipseLogger - skip non existing resourceDirectory D:\Nidhin_workspace\1Tajawal\src\test\resources
2019-06-27 03:11:17,197 [Worker-14] INFO  o.e.m.c.i.embedder.EclipseLogger - Using 'UTF-8' encoding to copy filtered resources.
2019-06-27 03:11:17,198 [Worker-14] INFO  o.e.m.c.i.embedder.EclipseLogger - Copying 4 resources
2019-06-27 03:11:17,202 [Worker-14] INFO  o.e.m.c.i.embedder.EclipseLogger - Using 'UTF-8' encoding to copy filtered resources.
2019-06-27 03:11:17,223 [Worker-14] INFO  o.e.m.c.i.embedder.EclipseLogger - skip non existing resourceDirectory D:\Nidhin_workspace\1Tajawal\src\test\resources
2019-06-27 03:17:04,079 [Worker-19] INFO  o.e.m.c.i.embedder.EclipseLogger - Using 'UTF-8' encoding to copy filtered resources.
2019-06-27 03:17:04,081 [Worker-19] INFO  o.e.m.c.i.embedder.EclipseLogger - Copying 4 resources
2019-06-27 03:17:04,087 [Worker-19] INFO  o.e.m.c.i.embedder.EclipseLogger - Using 'UTF-8' encoding to copy filtered resources.
2019-06-27 03:17:04,087 [Worker-19] INFO  o.e.m.c.i.embedder.EclipseLogger - skip non existing resourceDirectory D:\Nidhin_workspace\1Tajawal\src\test\resources
2019-06-27 03:18:10,451 [Worker-11] INFO  o.e.m.c.i.embedder.EclipseLogger - Using 'UTF-8' encoding to copy filtered resources.
2019-06-27 03:18:10,452 [Worker-11] INFO  o.e.m.c.i.embedder.EclipseLogger - Copying 4 resources
2019-06-27 03:18:10,454 [Worker-11] INFO  o.e.m.c.i.embedder.EclipseLogger - Using 'UTF-8' encoding to copy filtered resources.
2019-06-27 03:18:10,455 [Worker-11] INFO  o.e.m.c.i.embedder.EclipseLogger - skip non existing resourceDirectory D:\Nidhin_workspace\1Tajawal\src\test\resources
2019-06-27 03:19:24,069 [Worker-20] INFO  o.e.m.c.i.embedder.EclipseLogger - Using 'UTF-8' encoding to copy filtered resources.
2019-06-27 03:19:24,070 [Worker-20] INFO  o.e.m.c.i.embedder.EclipseLogger - Copying 4 resources
2019-06-27 03:19:24,136 [Worker-20] INFO  o.e.m.c.i.embedder.EclipseLogger - Using 'UTF-8' encoding to copy filtered resources.
2019-06-27 03:19:24,136 [Worker-20] INFO  o.e.m.c.i.embedder.EclipseLogger - skip non existing resourceDirectory D:\NidhinLearning\Tajawal\src\test\resources
